<?xml version="1.0" encoding="UTF-8"?>
<!-- Generated by org.testng.reporters.JUnitReportReporter -->
<testsuite hostname="MacBook-Pro-Retina.local" name="com.lohika.atf.tests.FirstTest" tests="1" failures="0" timestamp="9 Aug 2016 20:31:07 GMT" time="18.014" errors="0">
  <testcase name="testMethod" time="18.014" classname="com.lohika.atf.tests.FirstTest"/>
</testsuite> <!-- com.lohika.atf.tests.FirstTest -->
